#
# There is insufficient memory for the Java Runtime Environment to continue.
# Native memory allocation (malloc) failed to allocate 32744 bytes for ChunkPool::allocate
# Possible reasons:
#   The system is out of physical RAM or swap space
#   The process is running with CompressedOops enabled, and the Java Heap may be blocking the growth of the native heap
# Possible solutions:
#   Reduce memory load on the system
#   Increase physical memory or swap space
#   Check if swap backing store is full
#   Decrease Java heap size (-Xmx/-Xms)
#   Decrease number of Java threads
#   Decrease Java thread stack sizes (-Xss)
#   Set larger code cache with -XX:ReservedCodeCacheSize=
#   JVM is running with Unscaled Compressed Oops mode in which the Java heap is
#     placed in the first 4GB address space. The Java Heap base address is the
#     maximum limit for the native heap growth. Please use -XX:HeapBaseMinAddress
#     to set the Java Heap base and to place the Java Heap above 4GB virtual address.
# This output file may be truncated or incomplete.
#
#  Out of Memory Error (allocation.cpp:272), pid=11348, tid=0x0000000000004ee0
#
# JRE version: OpenJDK Runtime Environment (8.0_242-b01) (build 1.8.0_242-release-1644-b01)
# Java VM: OpenJDK 64-Bit Server VM (25.242-b01 mixed mode windows-amd64 compressed oops)
# Failed to write core dump. Minidumps are not enabled by default on client versions of Windows
#

---------------  T H R E A D  ---------------

Current thread (0x000000001d245800):  JavaThread "Daemon worker Thread 2" [_thread_in_vm, id=20192, stack(0x000000001daf0000,0x000000001dbf0000)]

Stack: [0x000000001daf0000,0x000000001dbf0000]
[error occurred during error reporting (printing stack bounds), id 0xc0000005]

Native frames: (J=compiled Java code, j=interpreted, Vv=VM code, C=native code)

Java frames: (J=compiled Java code, j=interpreted, Vv=VM code)
J 2181  java.lang.Class.getDeclaredMethods0(Z)[Ljava/lang/reflect/Method; (0 bytes) @ 0x000000000325183b [0x0000000003251800+0x3b]
J 7286 C2 org.gradle.internal.reflect.ClassInspector.inspectClass(Ljava/lang/Class;Lorg/gradle/internal/reflect/MutableClassDetails;)V (179 bytes) @ 0x00000000040ff020 [0x00000000040fcfc0+0x2060]
J 7088 C1 org.gradle.internal.reflect.ClassInspector.visitGraph(Ljava/lang/Class;Lorg/gradle/internal/reflect/MutableClassDetails;)V (98 bytes) @ 0x0000000002df70dc [0x0000000002df6200+0xedc]
j  org.gradle.internal.reflect.ClassInspector.inspect(Ljava/lang/Class;)Lorg/gradle/internal/reflect/ClassDetails;+11
j  org.gradle.internal.instantiation.generator.AbstractClassGenerator.inspectType(Ljava/lang/Class;Ljava/util/List;Ljava/util/List;Lorg/gradle/internal/instantiation/generator/AbstractClassGenerator$UnclaimedPropertyHandler;)V+1
J 12986 C1 org.gradle.internal.instantiation.generator.AbstractClassGenerator.generateUnderLock(Ljava/lang/Class;)Lorg/gradle/internal/instantiation/generator/AbstractClassGenerator$GeneratedClassImpl; (658 bytes) @ 0x0000000004a0e7c4 [0x0000000004a0a220+0x45a4]
J 7276 C1 org.gradle.internal.instantiation.generator.AbstractClassGenerator$$Lambda$17.transform(Ljava/lang/Object;)Ljava/lang/Object; (12 bytes) @ 0x000000000359d92c [0x000000000359d780+0x1ac]
J 12776 C2 org.gradle.internal.instantiation.generator.AsmBackedClassGenerator.generate(Ljava/lang/Class;)Lorg/gradle/internal/instantiation/generator/ClassGenerator$GeneratedClass; (6 bytes) @ 0x0000000002d42750 [0x0000000002d42240+0x510]
J 13008 C1 org.gradle.internal.instantiation.generator.Jsr330ConstructorSelector$1.transform(Ljava/lang/Class;)Lorg/gradle/internal/instantiation/generator/Jsr330ConstructorSelector$CachedConstructor; (44 bytes) @ 0x000000000401bcac [0x000000000401bb20+0x18c]
J 13007 C1 org.gradle.internal.instantiation.generator.Jsr330ConstructorSelector$1.transform(Ljava/lang/Object;)Ljava/lang/Object; (9 bytes) @ 0x000000000448c2ac [0x000000000448c140+0x16c]
J 5657 C1 org.gradle.cache.internal.DefaultCrossBuildInMemoryCacheFactory$AbstractCrossBuildInMemoryCache.get(Ljava/lang/Object;Lorg/gradle/api/Transformer;)Ljava/lang/Object; (65 bytes) @ 0x000000000384ae5c [0x000000000384abc0+0x29c]
J 7155 C1 org.gradle.internal.instantiation.generator.Jsr330ConstructorSelector.forParams(Ljava/lang/Class;[Ljava/lang/Object;)Lorg/gradle/internal/instantiation/generator/ClassGenerator$GeneratedConstructor; (6 bytes) @ 0x0000000002e123d4 [0x0000000002e12140+0x294]
J 12788 C1 org.gradle.internal.instantiation.generator.DependencyInjectingInstantiator.doCreate(Ljava/lang/Class;Lorg/gradle/api/Describable;[Ljava/lang/Object;)Ljava/lang/Object; (64 bytes) @ 0x0000000002e4fb6c [0x0000000002e4fa40+0x12c]
J 11325 C2 org.gradle.internal.instantiation.generator.DependencyInjectingInstantiator.newInstance(Ljava/lang/Class;[Ljava/lang/Object;)Ljava/lang/Object; (8 bytes) @ 0x000000000489be18 [0x000000000489bde0+0x38]
j  org.gradle.api.internal.model.DefaultObjectFactory.newInstance(Ljava/lang/Class;[Ljava/lang/Object;)Ljava/lang/Object;+6
j  com.android.build.gradle.internal.services.BaseServicesImpl.newInstance(Ljava/lang/Class;[Ljava/lang/Object;)Ljava/lang/Object;+26
j  com.android.build.gradle.internal.dsl.ApplicationExtensionImpl.<init>(Lcom/android/build/gradle/internal/services/DslServices;Lcom/android/build/gradle/internal/plugins/DslContainerProvider;)V+26
j  com.android.build.gradle.internal.plugins.AppPlugin.createExtension(Lcom/android/build/gradle/internal/services/DslServices;Lcom/android/build/gradle/internal/scope/GlobalScope;Lcom/android/build/gradle/internal/plugins/DslContainerProvider;Lorg/gradle/api/NamedDomainObjectContainer;Lcom/android/build/gradle/internal/ExtraModelInfo;)Lcom/android/build/gradle/AppExtension;+55
j  com.android.build.gradle.internal.plugins.AppPlugin.createExtension(Lcom/android/build/gradle/internal/services/DslServices;Lcom/android/build/gradle/internal/scope/GlobalScope;Lcom/android/build/gradle/internal/plugins/DslContainerProvider;Lorg/gradle/api/NamedDomainObjectContainer;Lcom/android/build/gradle/internal/ExtraModelInfo;)Lcom/android/build/gradle/BaseExtension;+8
j  com.android.build.gradle.internal.plugins.BasePlugin.configureExtension()V+113
j  com.android.build.gradle.internal.plugins.BasePlugin$$Lambda$1240.call()V+4
j  com.android.builder.profile.ThreadRecorder.record(Lcom/google/wireless/android/sdk/stats/GradleBuildProfileSpan$ExecutionType;Ljava/lang/String;Ljava/lang/String;Lcom/android/builder/profile/Recorder$VoidBlock;)V+17
j  com.android.build.gradle.internal.plugins.BasePlugin.basePluginApply(Lorg/gradle/api/Project;)V+177
j  com.android.build.gradle.internal.plugins.BasePlugin.lambda$apply$0(Lorg/gradle/api/Project;)V+2
j  com.android.build.gradle.internal.plugins.BasePlugin$$Lambda$1225.run()V+8
j  com.android.build.gradle.internal.crash.CrashReporting.runAction(Ljava/lang/Runnable;)V+8
j  com.android.build.gradle.internal.plugins.BasePlugin.apply(Lorg/gradle/api/Project;)V+7
j  com.android.build.gradle.internal.plugins.BasePlugin.apply(Ljava/lang/Object;)V+5
j  org.gradle.api.internal.plugins.ImperativeOnlyPluginTarget.applyImperative(Ljava/lang/String;Lorg/gradle/api/Plugin;)V+13
j  org.gradle.api.internal.plugins.RuleBasedPluginTarget.applyImperative(Ljava/lang/String;Lorg/gradle/api/Plugin;)V+6
j  org.gradle.api.internal.plugins.DefaultPluginManager.addPlugin(Ljava/lang/Runnable;Lorg/gradle/api/internal/plugins/PluginImplementation;Ljava/lang/String;Ljava/lang/Class;)V+52
j  org.gradle.api.internal.plugins.DefaultPluginManager.access$300(Lorg/gradle/api/internal/plugins/DefaultPluginManager;Ljava/lang/Runnable;Lorg/gradle/api/internal/plugins/PluginImplementation;Ljava/lang/String;Ljava/lang/Class;)V+6
j  org.gradle.api.internal.plugins.DefaultPluginManager$AddPluginBuildOperation.run(Lorg/gradle/internal/operations/BuildOperationContext;)V+20
J 6222 C1 org.gradle.internal.operations.DefaultBuildOperationExecutor$RunnableBuildOperationWorker.execute(Lorg/gradle/internal/operations/BuildOperation;Lorg/gradle/internal/operations/BuildOperationContext;)V (10 bytes) @ 0x00000000037f8964 [0x00000000037f8700+0x264]
J 6293 C1 org.gradle.internal.operations.DefaultBuildOperationExecutor$1.execute(Lorg/gradle/internal/operations/BuildOperationDescriptor;Lorg/gradle/internal/operations/DefaultBuildOperationExecutor$DefaultBuildOperationContext;Lorg/gradle/internal/operations/DefaultBuildOperationExecutor$BuildOperationExecutionListener;)Lorg/gradle/internal/operations/BuildOperation; (82 bytes) @ 0x0000000003e6e8f4 [0x0000000003e6e780+0x174]
J 5864 C1 org.gradle.internal.operations.DefaultBuildOperationExecutor.execute(Lorg/gradle/internal/operations/BuildOperationDescriptor$Builder;Lorg/gradle/internal/operations/DefaultBuildOperationExecutor$BuildOperationState;Lorg/gradle/internal/operations/DefaultBuildOperationExecutor$BuildOperationExecution;)Lorg/gradle/internal/operations/BuildOperation; (111 bytes) @ 0x00000000034d432c [0x00000000034d33c0+0xf6c]
J 6156 C1 org.gradle.internal.operations.DefaultBuildOperationExecutor.run(Lorg/gradle/internal/operations/RunnableBuildOperation;)V (28 bytes) @ 0x000000000362b8fc [0x000000000362b300+0x5fc]
J 12786 C1 org.gradle.internal.operations.DelegatingBuildOperationExecutor.run(Lorg/gradle/internal/operations/RunnableBuildOperation;)V (11 bytes) @ 0x00000000045cd844 [0x00000000045cd740+0x104]
j  org.gradle.api.internal.plugins.DefaultPluginManager$2.execute(Lorg/gradle/configuration/internal/UserCodeApplicationId;)V+36
j  org.gradle.api.internal.plugins.DefaultPluginManager$2.execute(Ljava/lang/Object;)V+5
j  org.gradle.configuration.internal.DefaultUserCodeApplicationContext.apply(Lorg/gradle/api/Action;)V+19
j  org.gradle.api.internal.plugins.DefaultPluginManager.doApply(Lorg/gradle/api/internal/plugins/PluginImplementation;)V+128
j  org.gradle.api.internal.plugins.DefaultPluginManager.apply(Ljava/lang/String;)V+52
j  org.gradle.api.internal.plugins.DefaultObjectConfigurationAction.applyType(Ljava/lang/String;)V+43
j  org.gradle.api.internal.plugins.DefaultObjectConfigurationAction.access$200(Lorg/gradle/api/internal/plugins/DefaultObjectConfigurationAction;Ljava/lang/String;)V+2
j  org.gradle.api.internal.plugins.DefaultObjectConfigurationAction$3.run()V+8
j  org.gradle.api.internal.plugins.DefaultObjectConfigurationAction.execute()V+58
j  org.gradle.api.internal.project.AbstractPluginAware.apply(Ljava/util/Map;)V+12
j  com.android.build.gradle.AppPlugin.apply(Lorg/gradle/api/Project;)V+15
j  com.android.build.gradle.AppPlugin.apply(Ljava/lang/Object;)V+5
j  org.gradle.api.internal.plugins.ImperativeOnlyPluginTarget.applyImperative(Ljava/lang/String;Lorg/gradle/api/Plugin;)V+13
j  org.gradle.api.internal.plugins.RuleBasedPluginTarget.applyImperative(Ljava/lang/String;Lorg/gradle/api/Plugin;)V+6
j  org.gradle.api.internal.plugins.DefaultPluginManager.addPlugin(Ljava/lang/Runnable;Lorg/gradle/api/internal/plugins/PluginImplementation;Ljava/lang/String;Ljava/lang/Class;)V+52
j  org.gradle.api.internal.plugins.DefaultPluginManager.access$300(Lorg/gradle/api/internal/plugins/DefaultPluginManager;Ljava/lang/Runnable;Lorg/gradle/api/internal/plugins/PluginImplementation;Ljava/lang/String;Ljava/lang/Class;)V+6
j  org.gradle.api.internal.plugins.DefaultPluginManager$AddPluginBuildOperation.run(Lorg/gradle/internal/operations/BuildOperationContext;)V+20
J 6222 C1 org.gradle.internal.operations.DefaultBuildOperationExecutor$RunnableBuildOperationWorker.execute(Lorg/gradle/internal/operations/BuildOperation;Lorg/gradle/internal/operations/BuildOperationContext;)V (10 bytes) @ 0x00000000037f8964 [0x00000000037f8700+0x264]
J 6293 C1 org.gradle.internal.operations.DefaultBuildOperationExecutor$1.execute(Lorg/gradle/internal/operations/BuildOperationDescriptor;Lorg/gradle/internal/operations/DefaultBuildOperationExecutor$DefaultBuildOperationContext;Lorg/gradle/internal/operations/DefaultBuildOperationExecutor$BuildOperationExecutionListener;)Lorg/gradle/internal/operations/BuildOperation; (82 bytes) @ 0x0000000003e6e8f4 [0x0000000003e6e780+0x174]
J 5864 C1 org.gradle.internal.operations.DefaultBuildOperationExecutor.execute(Lorg/gradle/internal/operations/BuildOperationDescriptor$Builder;Lorg/gradle/internal/operations/DefaultBuildOperationExecutor$BuildOperationState;Lorg/gradle/internal/operations/DefaultBuildOperationExecutor$BuildOperationExecution;)Lorg/gradle/internal/operations/BuildOperation; (111 bytes) @ 0x00000000034d432c [0x00000000034d33c0+0xf6c]
J 6156 C1 org.gradle.internal.operations.DefaultBuildOperationExecutor.run(Lorg/gradle/internal/operations/RunnableBuildOperation;)V (28 bytes) @ 0x000000000362b8fc [0x000000000362b300+0x5fc]
J 12786 C1 org.gradle.internal.operations.DelegatingBuildOperationExecutor.run(Lorg/gradle/internal/operations/RunnableBuildOperation;)V (11 bytes) @ 0x00000000045cd844 [0x00000000045cd740+0x104]
j  org.gradle.api.internal.plugins.DefaultPluginManager$2.execute(Lorg/gradle/configuration/internal/UserCodeApplicationId;)V+36
j  org.gradle.api.internal.plugins.DefaultPluginManager$2.execute(Ljava/lang/Object;)V+5
j  org.gradle.configuration.internal.DefaultUserCodeApplicationContext.apply(Lorg/gradle/api/Action;)V+19
j  org.gradle.api.internal.plugins.DefaultPluginManager.doApply(Lorg/gradle/api/internal/plugins/PluginImplementation;)V+128
j  org.gradle.api.internal.plugins.DefaultPluginManager.apply(Lorg/gradle/api/internal/plugins/PluginImplementation;)V+2
j  org.gradle.plugin.use.internal.DefaultPluginRequestApplicator.lambda$applyPlugins$0(Lorg/gradle/plugin/use/internal/DefaultPluginRequestApplicator$Result;Lorg/gradle/api/internal/plugins/PluginManagerInternal;Lorg/gradle/api/internal/plugins/PluginImplementation;)V+14
j  org.gradle.plugin.use.internal.DefaultPluginRequestApplicator$$Lambda$312.run()V+12
j  org.gradle.plugin.use.internal.DefaultPluginRequestApplicator.applyPlugin(Lorg/gradle/plugin/management/internal/PluginRequestInternal;Lorg/gradle/plugin/use/PluginId;Ljava/lang/Runnable;)V+1
j  org.gradle.plugin.use.internal.DefaultPluginRequestApplicator.lambda$applyPlugins$1(Lorg/gradle/api/internal/plugins/PluginManagerInternal;Lorg/gradle/plugin/use/internal/DefaultPluginRequestApplicator$Result;Lorg/gradle/api/internal/plugins/PluginImplementation;)V+22
j  org.gradle.plugin.use.internal.DefaultPluginRequestApplicator$$Lambda$311.accept(Ljava/lang/Object;Ljava/lang/Object;)V+16
j  java.util.LinkedHashMap.forEach(Ljava/util/function/BiConsumer;)V+35
j  org.gradle.plugin.use.internal.DefaultPluginRequestApplicator.applyPlugins(Lorg/gradle/api/internal/plugins/PluginManagerInternal;Ljava/util/Map;)V+8
j  org.gradle.plugin.use.internal.DefaultPluginRequestApplicator.applyPlugins(Lorg/gradle/plugin/management/internal/PluginRequests;Lorg/gradle/api/internal/initialization/ScriptHandlerInternal;Lorg/gradle/api/internal/plugins/PluginManagerInternal;Lorg/gradle/api/internal/initialization/ClassLoaderScope;)V+180
j  org.gradle.configuration.DefaultScriptPluginFactory$ScriptPluginImpl.apply(Ljava/lang/Object;)V+222
j  org.gradle.configuration.BuildOperationScriptPlugin$1$1.run(Lorg/gradle/internal/operations/BuildOperationContext;)V+17
J 6222 C1 org.gradle.internal.operations.DefaultBuildOperationExecutor$RunnableBuildOperationWorker.execute(Lorg/gradle/internal/operations/BuildOperation;Lorg/gradle/internal/operations/BuildOperationContext;)V (10 bytes) @ 0x00000000037f8964 [0x00000000037f8700+0x264]
J 6293 C1 org.gradle.internal.operations.DefaultBuildOperationExecutor$1.execute(Lorg/gradle/internal/operations/BuildOperationDescriptor;Lorg/gradle/internal/operations/DefaultBuildOperationExecutor$DefaultBuildOperationContext;Lorg/gradle/internal/operations/DefaultBuildOperationExecutor$BuildOperationExecutionListener;)Lorg/gradle/internal/operations/BuildOperation; (82 bytes) @ 0x0000000003e6e8f4 [0x0000000003e6e780+0x174]
J 5864 C1 org.gradle.internal.operations.DefaultBuildOperationExecutor.execute(Lorg/gradle/internal/operations/BuildOperationDescriptor$Builder;Lorg/gradle/internal/operations/DefaultBuildOperationExecutor$BuildOperationState;Lorg/gradle/internal/operations/DefaultBuildOperationExecutor$BuildOperationExecution;)Lorg/gradle/internal/operations/BuildOperation; (111 bytes) @ 0x00000000034d432c [0x00000000034d33c0+0xf6c]
J 6156 C1 org.gradle.internal.operations.DefaultBuildOperationExecutor.run(Lorg/gradle/internal/operations/RunnableBuildOperation;)V (28 bytes) @ 0x000000000362b8fc [0x000000000362b300+0x5fc]
J 12786 C1 org.gradle.internal.operations.DelegatingBuildOperationExecutor.run(Lorg/gradle/internal/operations/RunnableBuildOperation;)V (11 bytes) @ 0x00000000045cd844 [0x00000000045cd740+0x104]
j  org.gradle.configuration.BuildOperationScriptPlugin$1.execute(Lorg/gradle/configuration/internal/UserCodeApplicationId;)V+16
j  org.gradle.configuration.BuildOperationScriptPlugin$1.execute(Ljava/lang/Object;)V+5
j  org.gradle.configuration.internal.DefaultUserCodeApplicationContext.apply(Lorg/gradle/api/Action;)V+19
j  org.gradle.configuration.BuildOperationScriptPlugin.apply(Ljava/lang/Object;)V+54
j  org.gradle.configuration.project.BuildScriptProcessor$1.run()V+8
j  org.gradle.internal.Factories$1.create()Ljava/lang/Object;+4
j  org.gradle.api.internal.project.DefaultProjectStateRegistry$ProjectStateImpl.withMutableState(Lorg/gradle/internal/Factory;)Ljava/lang/Object;+59
j  org.gradle.api.internal.project.DefaultProjectStateRegistry$ProjectStateImpl.withMutableState(Ljava/lang/Runnable;)V+5
j  org.gradle.configuration.project.BuildScriptProcessor.execute(Lorg/gradle/api/internal/project/ProjectInternal;)V+88
j  org.gradle.configuration.project.BuildScriptProcessor.execute(Ljava/lang/Object;)V+5
j  org.gradle.configuration.project.ConfigureActionsProjectEvaluator.evaluate(Lorg/gradle/api/internal/project/ProjectInternal;Lorg/gradle/api/internal/project/ProjectStateInternal;)V+33
j  org.gradle.configuration.project.LifecycleProjectEvaluator$EvaluateProject$1.run()V+94
j  org.gradle.internal.Factories$1.create()Ljava/lang/Object;+4
j  org.gradle.internal.work.DefaultWorkerLeaseService.withLocks(Ljava/lang/Iterable;Lorg/gradle/internal/Factory;)Ljava/lang/Object;+26
j  org.gradle.internal.work.StopShieldingWorkerLeaseService.withLocks(Ljava/lang/Iterable;Lorg/gradle/internal/Factory;)Ljava/lang/Object;+6
j  org.gradle.api.internal.project.DefaultProjectStateRegistry$ProjectStateImpl.withProjectLock(Lorg/gradle/internal/resources/ResourceLock;Lorg/gradle/internal/Factory;)Ljava/lang/Object;+12
j  org.gradle.api.internal.project.DefaultProjectStateRegistry$ProjectStateImpl.withMutableState(Lorg/gradle/internal/Factory;)Ljava/lang/Object;+134
j  org.gradle.api.internal.project.DefaultProjectStateRegistry$ProjectStateImpl.withMutableState(Ljava/lang/Runnable;)V+5
j  org.gradle.configuration.project.LifecycleProjectEvaluator$EvaluateProject.run(Lorg/gradle/internal/operations/BuildOperationContext;)V+18
J 6222 C1 org.gradle.internal.operations.DefaultBuildOperationExecutor$RunnableBuildOperationWorker.execute(Lorg/gradle/internal/operations/BuildOperation;Lorg/gradle/internal/operations/BuildOperationContext;)V (10 bytes) @ 0x00000000037f8964 [0x00000000037f8700+0x264]
J 6293 C1 org.gradle.internal.operations.DefaultBuildOperationExecutor$1.execute(Lorg/gradle/internal/operations/BuildOperationDescriptor;Lorg/gradle/internal/operations/DefaultBuildOperationExecutor$DefaultBuildOperationContext;Lorg/gradle/internal/operations/DefaultBuildOperationExecutor$BuildOperationExecutionListener;)Lorg/gradle/internal/operations/BuildOperation; (82 bytes) @ 0x0000000003e6e8f4 [0x0000000003e6e780+0x174]
J 5864 C1 org.gradle.internal.operations.DefaultBuildOperationExecutor.execute(Lorg/gradle/internal/operations/BuildOperationDescriptor$Builder;Lorg/gradle/internal/operations/DefaultBuildOperationExecutor$BuildOperationState;Lorg/gradle/internal/operations/DefaultBuildOperationExecutor$BuildOperationExecution;)Lorg/gradle/internal/operations/BuildOperation; (111 bytes) @ 0x00000000034d432c [0x00000000034d33c0+0xf6c]
J 6156 C1 org.gradle.internal.operations.DefaultBuildOperationExecutor.run(Lorg/gradle/internal/operations/RunnableBuildOperation;)V (28 bytes) @ 0x000000000362b8fc [0x000000000362b300+0x5fc]
J 12786 C1 org.gradle.internal.operations.DelegatingBuildOperationExecutor.run(Lorg/gradle/internal/operations/RunnableBuildOperation;)V (11 bytes) @ 0x00000000045cd844 [0x00000000045cd740+0x104]
j  org.gradle.configuration.project.LifecycleProjectEvaluator.evaluate(Lorg/gradle/api/internal/project/ProjectInternal;Lorg/gradle/api/internal/project/ProjectStateInternal;)V+22
j  org.gradle.api.internal.project.DefaultProject.evaluate()Lorg/gradle/api/internal/project/DefaultProject;+9
j  org.gradle.api.internal.project.DefaultProject.evaluate()Lorg/gradle/api/Project;+1
j  org.gradle.execution.TaskPathProjectEvaluator.configure(Lorg/gradle/api/internal/project/ProjectInternal;)V+21
j  org.gradle.execution.TaskPathProjectEvaluator.configureHierarchy(Lorg/gradle/api/internal/project/ProjectInternal;)V+41
j  org.gradle.configuration.DefaultProjectsPreparer.prepareProjects(Lorg/gradle/api/internal/GradleInternal;)V+79
j  org.gradle.configuration.BuildOperatingFiringProjectsPreparer$ConfigureBuild.run(Lorg/gradle/internal/operations/BuildOperationContext;)V+11
J 6222 C1 org.gradle.internal.operations.DefaultBuildOperationExecutor$RunnableBuildOperationWorker.execute(Lorg/gradle/internal/operations/BuildOperation;Lorg/gradle/internal/operations/BuildOperationContext;)V (10 bytes) @ 0x00000000037f8964 [0x00000000037f8700+0x264]
J 6293 C1 org.gradle.internal.operations.DefaultBuildOperationExecutor$1.execute(Lorg/gradle/internal/operations/BuildOperationDescriptor;Lorg/gradle/internal/operations/DefaultBuildOperationExecutor$DefaultBuildOperationContext;Lorg/gradle/internal/operations/DefaultBuildOperationExecutor$BuildOperationExecutionListener;)Lorg/gradle/internal/operations/BuildOperation; (82 bytes) @ 0x0000000003e6e8f4 [0x0000000003e6e780+0x174]
J 5864 C1 org.gradle.internal.operations.DefaultBuildOperationExecutor.execute(Lorg/gradle/internal/operations/BuildOperationDescriptor$Builder;Lorg/gradle/internal/operations/DefaultBuildOperationExecutor$BuildOperationState;Lorg/gradle/internal/operations/DefaultBuildOperationExecutor$BuildOperationExecution;)Lorg/gradle/internal/operations/BuildOperation; (111 bytes) @ 0x00000000034d432c [0x00000000034d33c0+0xf6c]
J 6156 C1 org.gradle.internal.operations.DefaultBuildOperationExecutor.run(Lorg/gradle/internal/operations/RunnableBuildOperation;)V (28 bytes) @ 0x000000000362b8fc [0x000000000362b300+0x5fc]
j  org.gradle.internal.operations.DelegatingBuildOperationExecutor.run(Lorg/gradle/internal/operations/RunnableBuildOperation;)V+5
j  org.gradle.configuration.BuildOperatingFiringProjectsPreparer.prepareProjects(Lorg/gradle/api/internal/GradleInternal;)V+13
j  org.gradle.initialization.DefaultGradleLauncher.prepareProjects()V+40
j  org.gradle.initialization.DefaultGradleLauncher.doClassicBuildStages(Lorg/gradle/initialization/DefaultGradleLauncher$Stage;)V+29
j  org.gradle.initialization.DefaultGradleLauncher.doBuildStages(Lorg/gradle/initialization/DefaultGradleLauncher$Stage;)V+45
j  org.gradle.initialization.DefaultGradleLauncher.executeTasks()Lorg/gradle/api/internal/GradleInternal;+4
j  org.gradle.internal.invocation.GradleBuildController$$Lambda$71.execute(Ljava/lang/Object;)V+4
j  org.gradle.internal.invocation.GradleBuildController$1.create()Lorg/gradle/api/internal/GradleInternal;+31
j  org.gradle.internal.invocation.GradleBuildController$1.create()Ljava/lang/Object;+1
j  org.gradle.internal.work.DefaultWorkerLeaseService.withLocks(Ljava/lang/Iterable;Lorg/gradle/internal/Factory;)Ljava/lang/Object;+26
j  org.gradle.internal.work.StopShieldingWorkerLeaseService.withLocks(Ljava/lang/Iterable;Lorg/gradle/internal/Factory;)Ljava/lang/Object;+6
j  org.gradle.internal.invocation.GradleBuildController.doBuild(Lorg/gradle/api/internal/GradleInternal$BuildType;Lorg/gradle/api/Action;)Lorg/gradle/api/internal/GradleInternal;+26
j  org.gradle.internal.invocation.GradleBuildController.run()Lorg/gradle/api/internal/GradleInternal;+9
j  org.gradle.tooling.internal.provider.runner.BuildModelActionRunner.run(Lorg/gradle/internal/invocation/BuildAction;Lorg/gradle/internal/invocation/BuildController;)Lorg/gradle/internal/invocation/BuildActionRunner$Result;+78
j  org.gradle.launcher.exec.ChainingBuildActionRunner.run(Lorg/gradle/internal/invocation/BuildAction;Lorg/gradle/internal/invocation/BuildController;)Lorg/gradle/internal/invocation/BuildActionRunner$Result;+34
j  org.gradle.launcher.exec.ChainingBuildActionRunner.run(Lorg/gradle/internal/invocation/BuildAction;Lorg/gradle/internal/invocation/BuildController;)Lorg/gradle/internal/invocation/BuildActionRunner$Result;+34
j  org.gradle.launcher.exec.BuildOutcomeReportingBuildActionRunner.run(Lorg/gradle/internal/invocation/BuildAction;Lorg/gradle/internal/invocation/BuildController;)Lorg/gradle/internal/invocation/BuildActionRunner$Result;+143
j  org.gradle.tooling.internal.provider.ValidatingBuildActionRunner.run(Lorg/gradle/internal/invocation/BuildAction;Lorg/gradle/internal/invocation/BuildController;)Lorg/gradle/internal/invocation/BuildActionRunner$Result;+6
j  org.gradle.launcher.exec.BuildCompletionNotifyingBuildActionRunner.run(Lorg/gradle/internal/invocation/BuildAction;Lorg/gradle/internal/invocation/BuildController;)Lorg/gradle/internal/invocation/BuildActionRunner$Result;+28
j  org.gradle.launcher.exec.RunAsBuildOperationBuildActionRunner$3.call(Lorg/gradle/internal/operations/BuildOperationContext;)Lorg/gradle/internal/invocation/BuildActionRunner$Result;+95
j  org.gradle.launcher.exec.RunAsBuildOperationBuildActionRunner$3.call(Lorg/gradle/internal/operations/BuildOperationContext;)Ljava/lang/Object;+2
J 9313 C1 org.gradle.internal.operations.DefaultBuildOperationExecutor$CallableBuildOperationWorker.execute(Lorg/gradle/internal/operations/BuildOperation;Lorg/gradle/internal/operations/BuildOperationContext;)V (10 bytes) @ 0x000000000461d9fc [0x000000000461d940+0xbc]
J 6293 C1 org.gradle.internal.operations.DefaultBuildOperationExecutor$1.execute(Lorg/gradle/internal/operations/BuildOperationDescriptor;Lorg/gradle/internal/operations/DefaultBuildOperationExecutor$DefaultBuildOperationContext;Lorg/gradle/internal/operations/DefaultBuildOperationExecutor$BuildOperationExecutionListener;)Lorg/gradle/internal/operations/BuildOperation; (82 bytes) @ 0x0000000003e6e8f4 [0x0000000003e6e780+0x174]
J 5864 C1 org.gradle.internal.operations.DefaultBuildOperationExecutor.execute(Lorg/gradle/internal/operations/BuildOperationDescriptor$Builder;Lorg/gradle/internal/operations/DefaultBuildOperationExecutor$BuildOperationState;Lorg/gradle/internal/operations/DefaultBuildOperationExecutor$BuildOperationExecution;)Lorg/gradle/internal/operations/BuildOperation; (111 bytes) @ 0x00000000034d432c [0x00000000034d33c0+0xf6c]
J 9319 C1 org.gradle.internal.operations.DefaultBuildOperationExecutor.call(Lorg/gradle/internal/operations/CallableBuildOperation;)Ljava/lang/Object; (38 bytes) @ 0x000000000462a254 [0x000000000462a040+0x214]
J 6379 C1 org.gradle.internal.operations.DelegatingBuildOperationExecutor.call(Lorg/gradle/internal/operations/CallableBuildOperation;)Ljava/lang/Object; (11 bytes) @ 0x0000000003eace04 [0x0000000003eacd00+0x104]
j  org.gradle.launcher.exec.RunAsBuildOperationBuildActionRunner.run(Lorg/gradle/internal/invocation/BuildAction;Lorg/gradle/internal/invocation/BuildController;)Lorg/gradle/internal/invocation/BuildActionRunner$Result;+33
j  org.gradle.launcher.exec.InProcessBuildActionExecuter$1.transform(Lorg/gradle/internal/invocation/BuildController;)Lorg/gradle/launcher/exec/BuildActionResult;+12
j  org.gradle.launcher.exec.InProcessBuildActionExecuter$1.transform(Ljava/lang/Object;)Ljava/lang/Object;+5
j  org.gradle.composite.internal.DefaultRootBuildState.run(Lorg/gradle/api/Transformer;)Ljava/lang/Object;+43
j  org.gradle.launcher.exec.InProcessBuildActionExecuter.execute(Lorg/gradle/internal/invocation/BuildAction;Lorg/gradle/initialization/BuildRequestContext;Lorg/gradle/launcher/exec/BuildActionParameters;Lorg/gradle/internal/service/ServiceRegistry;)Lorg/gradle/launcher/exec/BuildActionResult;+82
j  org.gradle.launcher.exec.InProcessBuildActionExecuter.execute(Lorg/gradle/internal/invocation/BuildAction;Lorg/gradle/initialization/BuildRequestContext;Ljava/lang/Object;Lorg/gradle/internal/service/ServiceRegistry;)Lorg/gradle/launcher/exec/BuildActionResult;+9
j  org.gradle.launcher.exec.BuildTreeScopeBuildActionExecuter.execute(Lorg/gradle/internal/invocation/BuildAction;Lorg/gradle/initialization/BuildRequestContext;Lorg/gradle/launcher/exec/BuildActionParameters;Lorg/gradle/internal/service/ServiceRegistry;)Lorg/gradle/launcher/exec/BuildActionResult;+38
j  org.gradle.launcher.exec.BuildTreeScopeBuildActionExecuter.execute(Lorg/gradle/internal/invocation/BuildAction;Lorg/gradle/initialization/BuildRequestContext;Ljava/lang/Object;Lorg/gradle/internal/service/ServiceRegistry;)Lorg/gradle/launcher/exec/BuildActionResult;+9
j  org.gradle.tooling.internal.provider.ContinuousBuildActionExecuter.execute(Lorg/gradle/internal/invocation/BuildAction;Lorg/gradle/initialization/BuildRequestContext;Lorg/gradle/launcher/exec/BuildActionParameters;Lorg/gradle/internal/service/ServiceRegistry;)Lorg/gradle/launcher/exec/BuildActionResult;+58
j  org.gradle.tooling.internal.provider.ContinuousBuildActionExecuter.execute(Lorg/gradle/internal/invocation/BuildAction;Lorg/gradle/initialization/BuildRequestContext;Ljava/lang/Object;Lorg/gradle/internal/service/ServiceRegistry;)Lorg/gradle/launcher/exec/BuildActionResult;+9
j  org.gradle.tooling.internal.provider.SubscribableBuildActionExecuter.execute(Lorg/gradle/internal/invocation/BuildAction;Lorg/gradle/initialization/BuildRequestContext;Lorg/gradle/launcher/exec/BuildActionParameters;Lorg/gradle/internal/service/ServiceRegistry;)Lorg/gradle/launcher/exec/BuildActionResult;+41
j  org.gradle.tooling.internal.provider.SubscribableBuildActionExecuter.execute(Lorg/gradle/internal/invocation/BuildAction;Lorg/gradle/initialization/BuildRequestContext;Ljava/lang/Object;Lorg/gradle/internal/service/ServiceRegistry;)Lorg/gradle/launcher/exec/BuildActionResult;+9
j  org.gradle.tooling.internal.provider.SessionScopeBuildActionExecuter.execute(Lorg/gradle/internal/invocation/BuildAction;Lorg/gradle/initialization/BuildRequestContext;Lorg/gradle/launcher/exec/BuildActionParameters;Lorg/gradle/internal/service/ServiceRegistry;)Lorg/gradle/launcher/exec/BuildActionResult;+117
j  org.gradle.tooling.internal.provider.SessionScopeBuildActionExecuter.execute(Lorg/gradle/internal/invocation/BuildAction;Lorg/gradle/initialization/BuildRequestContext;Ljava/lang/Object;Lorg/gradle/internal/service/ServiceRegistry;)Lorg/gradle/launcher/exec/BuildActionResult;+9
j  org.gradle.tooling.internal.provider.GradleThreadBuildActionExecuter.execute(Lorg/gradle/internal/invocation/BuildAction;Lorg/gradle/initialization/BuildRequestContext;Lorg/gradle/launcher/exec/BuildActionParameters;Lorg/gradle/internal/service/ServiceRegistry;)Lorg/gradle/launcher/exec/BuildActionResult;+12
j  org.gradle.tooling.internal.provider.GradleThreadBuildActionExecuter.execute(Lorg/gradle/internal/invocation/BuildAction;Lorg/gradle/initialization/BuildRequestContext;Ljava/lang/Object;Lorg/gradle/internal/service/ServiceRegistry;)Lorg/gradle/launcher/exec/BuildActionResult;+9
j  org.gradle.tooling.internal.provider.StartParamsValidatingActionExecuter.execute(Lorg/gradle/internal/invocation/BuildAction;Lorg/gradle/initialization/BuildRequestContext;Lorg/gradle/launcher/exec/BuildActionParameters;Lorg/gradle/internal/service/ServiceRegistry;)Lorg/gradle/launcher/exec/BuildActionResult;+177
j  org.gradle.tooling.internal.provider.StartParamsValidatingActionExecuter.execute(Lorg/gradle/internal/invocation/BuildAction;Lorg/gradle/initialization/BuildRequestContext;Ljava/lang/Object;Lorg/gradle/internal/service/ServiceRegistry;)Lorg/gradle/launcher/exec/BuildActionResult;+9
j  org.gradle.tooling.internal.provider.SessionFailureReportingActionExecuter.execute(Lorg/gradle/internal/invocation/BuildAction;Lorg/gradle/initialization/BuildRequestContext;Lorg/gradle/launcher/exec/BuildActionParameters;Lorg/gradle/internal/service/ServiceRegistry;)Lorg/gradle/launcher/exec/BuildActionResult;+9
j  org.gradle.tooling.internal.provider.SessionFailureReportingActionExecuter.execute(Lorg/gradle/internal/invocation/BuildAction;Lorg/gradle/initialization/BuildRequestContext;Ljava/lang/Object;Lorg/gradle/internal/service/ServiceRegistry;)Lorg/gradle/launcher/exec/BuildActionResult;+9
j  org.gradle.tooling.internal.provider.SetupLoggingActionExecuter.execute(Lorg/gradle/internal/invocation/BuildAction;Lorg/gradle/initialization/BuildRequestContext;Lorg/gradle/launcher/exec/BuildActionParameters;Lorg/gradle/internal/service/ServiceRegistry;)Lorg/gradle/launcher/exec/BuildActionResult;+52
j  org.gradle.tooling.internal.provider.SetupLoggingActionExecuter.execute(Lorg/gradle/internal/invocation/BuildAction;Lorg/gradle/initialization/BuildRequestContext;Ljava/lang/Object;Lorg/gradle/internal/service/ServiceRegistry;)Lorg/gradle/launcher/exec/BuildActionResult;+9
j  org.gradle.launcher.daemon.server.exec.ExecuteBuild.doBuild(Lorg/gradle/launcher/daemon/server/api/DaemonCommandExecution;Lorg/gradle/launcher/daemon/protocol/Build;)V+118
j  org.gradle.launcher.daemon.server.exec.BuildCommandOnly.execute(Lorg/gradle/launcher/daemon/server/api/DaemonCommandExecution;)V+49
j  org.gradle.launcher.daemon.server.api.DaemonCommandExecution.proceed()Z+23
j  org.gradle.launcher.daemon.server.exec.WatchForDisconnection.execute(Lorg/gradle/launcher/daemon/server/api/DaemonCommandExecution;)V+19
j  org.gradle.launcher.daemon.server.api.DaemonCommandExecution.proceed()Z+23
j  org.gradle.launcher.daemon.server.exec.ResetDeprecationLogger.execute(Lorg/gradle/launcher/daemon/server/api/DaemonCommandExecution;)V+7
j  org.gradle.launcher.daemon.server.api.DaemonCommandExecution.proceed()Z+23
j  org.gradle.launcher.daemon.server.exec.RequestStopIfSingleUsedDaemon.execute(Lorg/gradle/launcher/daemon/server/api/DaemonCommandExecution;)V+33
j  org.gradle.launcher.daemon.server.api.DaemonCommandExecution.proceed()Z+23
j  org.gradle.launcher.daemon.server.exec.ForwardClientInput$2.create()Ljava/lang/Void;+4
j  org.gradle.launcher.daemon.server.exec.ForwardClientInput$2.create()Ljava/lang/Object;+1
j  org.gradle.util.Swapper.swap(Ljava/lang/Object;Lorg/gradle/internal/Factory;)Ljava/lang/Object;+21
j  org.gradle.launcher.daemon.server.exec.ForwardClientInput.execute(Lorg/gradle/launcher/daemon/server/api/DaemonCommandExecution;)V+63
j  org.gradle.launcher.daemon.server.api.DaemonCommandExecution.proceed()Z+23
j  org.gradle.launcher.daemon.server.exec.LogAndCheckHealth.execute(Lorg/gradle/launcher/daemon/server/api/DaemonCommandExecution;)V+28
j  org.gradle.launcher.daemon.server.api.DaemonCommandExecution.proceed()Z+23
j  org.gradle.launcher.daemon.server.exec.LogToClient.doBuild(Lorg/gradle/launcher/daemon/server/api/DaemonCommandExecution;Lorg/gradle/launcher/daemon/protocol/Build;)V+87
j  org.gradle.launcher.daemon.server.exec.BuildCommandOnly.execute(Lorg/gradle/launcher/daemon/server/api/DaemonCommandExecution;)V+49
j  org.gradle.launcher.daemon.server.api.DaemonCommandExecution.proceed()Z+23
j  org.gradle.launcher.daemon.server.exec.EstablishBuildEnvironment.doBuild(Lorg/gradle/launcher/daemon/server/api/DaemonCommandExecution;Lorg/gradle/launcher/daemon/protocol/Build;)V+351
j  org.gradle.launcher.daemon.server.exec.BuildCommandOnly.execute(Lorg/gradle/launcher/daemon/server/api/DaemonCommandExecution;)V+49
j  org.gradle.launcher.daemon.server.api.DaemonCommandExecution.proceed()Z+23
j  org.gradle.launcher.daemon.server.exec.StartBuildOrRespondWithBusy$1.run()V+44
j  org.gradle.launcher.daemon.server.DaemonStateCoordinator$1.run()V+4
J 8146 C1 org.gradle.internal.concurrent.ManagedExecutorImpl$1.run()V (59 bytes) @ 0x00000000043760fc [0x0000000004375be0+0x51c]
j  java.util.concurrent.ThreadPoolExecutor.runWorker(Ljava/util/concurrent/ThreadPoolExecutor$Worker;)V+95
j  java.util.concurrent.ThreadPoolExecutor$Worker.run()V+5
j  org.gradle.internal.concurrent.ThreadFactoryImpl$ManagedThreadRunnable.run()V+7
j  java.lang.Thread.run()V+11
v  ~StubRoutines::call_stub

---------------  P R O C E S S  ---------------

Java Threads: ( => current thread )
  0x0000000024fb9800 JavaThread "Cache worker for Build Output Cleanup Cache (C:\Users\iou10\AndroidStudioProjects\DDAY\.gradle\buildOutputCleanup)" [_thread_blocked, id=29620, stack(0x000000002bd20000,0x000000002be20000)]
  0x0000000024fc0000 JavaThread "jar transforms Thread 188" [_thread_blocked, id=12968, stack(0x000000002ba20000,0x000000002bb20000)]
  0x0000000024fba000 JavaThread "jar transforms Thread 187" [_thread_blocked, id=17184, stack(0x000000002b920000,0x000000002ba20000)]
  0x0000000024fb8800 JavaThread "jar transforms Thread 186" [_thread_blocked, id=28248, stack(0x000000002b820000,0x000000002b920000)]
  0x0000000024fbf800 JavaThread "jar transforms Thread 185" [_thread_blocked, id=14616, stack(0x000000002b720000,0x000000002b820000)]
  0x0000000024fbe000 JavaThread "jar transforms Thread 184" [_thread_blocked, id=28372, stack(0x000000002b620000,0x000000002b720000)]
  0x0000000024fbe800 JavaThread "jar transforms Thread 183" [_thread_blocked, id=20120, stack(0x000000002b520000,0x000000002b620000)]
  0x0000000024fb8000 JavaThread "jar transforms Thread 182" [_thread_blocked, id=5988, stack(0x000000002b420000,0x000000002b520000)]
  0x0000000024fbb800 JavaThread "jar transforms Thread 181" [_thread_blocked, id=21940, stack(0x000000002b320000,0x000000002b420000)]
  0x0000000024fb6800 JavaThread "jar transforms Thread 180" [_thread_blocked, id=21368, stack(0x000000002b220000,0x000000002b320000)]
  0x0000000024fbd000 JavaThread "jar transforms Thread 179" [_thread_blocked, id=12296, stack(0x000000002b120000,0x000000002b220000)]
  0x0000000024fbc800 JavaThread "jar transforms Thread 178" [_thread_blocked, id=15224, stack(0x000000002b020000,0x000000002b120000)]
  0x0000000024fb7000 JavaThread "jar transforms Thread 177" [_thread_blocked, id=20064, stack(0x000000002af20000,0x000000002b020000)]
  0x0000000025d47800 JavaThread "jar transforms Thread 176" [_thread_blocked, id=16156, stack(0x000000002ae20000,0x000000002af20000)]
  0x0000000025d47000 JavaThread "jar transforms Thread 175" [_thread_blocked, id=27716, stack(0x000000002ad20000,0x000000002ae20000)]
  0x0000000025d46000 JavaThread "jar transforms Thread 174" [_thread_blocked, id=1680, stack(0x000000002ac20000,0x000000002ad20000)]
  0x0000000025d44800 JavaThread "jar transforms Thread 173" [_thread_blocked, id=24108, stack(0x000000002ab20000,0x000000002ac20000)]
  0x0000000025d44000 JavaThread "jar transforms Thread 172" [_thread_blocked, id=13604, stack(0x000000002aa20000,0x000000002ab20000)]
  0x0000000025d42800 JavaThread "jar transforms Thread 171" [_thread_blocked, id=14424, stack(0x000000002a920000,0x000000002aa20000)]
  0x0000000025d45800 JavaThread "jar transforms Thread 170" [_thread_blocked, id=16236, stack(0x000000002a820000,0x000000002a920000)]
  0x0000000025d43000 JavaThread "jar transforms Thread 169" [_thread_blocked, id=21728, stack(0x000000002a720000,0x000000002a820000)]
  0x0000000025d3b000 JavaThread "jar transforms Thread 168" [_thread_blocked, id=25016, stack(0x000000002a620000,0x000000002a720000)]
  0x0000000025d41800 JavaThread "jar transforms Thread 167" [_thread_blocked, id=8648, stack(0x000000002a520000,0x000000002a620000)]
  0x0000000025d41000 JavaThread "jar transforms Thread 166" [_thread_blocked, id=2580, stack(0x000000002a420000,0x000000002a520000)]
  0x0000000025d3e000 JavaThread "jar transforms Thread 165" [_thread_blocked, id=23476, stack(0x000000002a320000,0x000000002a420000)]
  0x0000000025d39800 JavaThread "jar transforms Thread 164" [_thread_blocked, id=10792, stack(0x000000002a220000,0x000000002a320000)]
  0x0000000025d3e800 JavaThread "jar transforms Thread 163" [_thread_blocked, id=26324, stack(0x000000002a120000,0x000000002a220000)]
  0x0000000025d40000 JavaThread "jar transforms Thread 162" [_thread_blocked, id=5076, stack(0x000000002a020000,0x000000002a120000)]
  0x0000000025d38800 JavaThread "jar transforms Thread 161" [_thread_blocked, id=5160, stack(0x0000000029f20000,0x000000002a020000)]
  0x0000000025d3d000 JavaThread "jar transforms Thread 160" [_thread_blocked, id=28752, stack(0x0000000029e20000,0x0000000029f20000)]
  0x0000000025d3c800 JavaThread "jar transforms Thread 159" [_thread_blocked, id=8712, stack(0x0000000029d20000,0x0000000029e20000)]
  0x0000000025d3b800 JavaThread "jar transforms Thread 158" [_thread_blocked, id=27008, stack(0x0000000029c20000,0x0000000029d20000)]
  0x0000000025d3a000 JavaThread "jar transforms Thread 157" [_thread_blocked, id=26540, stack(0x0000000029b20000,0x0000000029c20000)]
  0x0000000025d3f800 JavaThread "jar transforms Thread 156" [_thread_blocked, id=25168, stack(0x0000000029a20000,0x0000000029b20000)]
  0x000000002648f800 JavaThread "jar transforms Thread 155" [_thread_blocked, id=21044, stack(0x0000000029920000,0x0000000029a20000)]
  0x000000002648f000 JavaThread "jar transforms Thread 154" [_thread_blocked, id=2272, stack(0x0000000029820000,0x0000000029920000)]
  0x000000002648e000 JavaThread "jar transforms Thread 153" [_thread_blocked, id=476, stack(0x0000000029720000,0x0000000029820000)]
  0x0000000026489800 JavaThread "jar transforms Thread 152" [_thread_blocked, id=24004, stack(0x0000000029620000,0x0000000029720000)]
  0x000000002648b000 JavaThread "jar transforms Thread 151" [_thread_blocked, id=28960, stack(0x0000000029520000,0x0000000029620000)]
  0x000000002648d800 JavaThread "jar transforms Thread 150" [_thread_blocked, id=5416, stack(0x0000000029420000,0x0000000029520000)]
  0x000000002648c800 JavaThread "jar transforms Thread 149" [_thread_blocked, id=10852, stack(0x0000000029320000,0x0000000029420000)]
  0x000000002648c000 JavaThread "jar transforms Thread 148" [_thread_blocked, id=18404, stack(0x0000000029220000,0x0000000029320000)]
  0x000000002648a800 JavaThread "jar transforms Thread 147" [_thread_blocked, id=8292, stack(0x0000000029120000,0x0000000029220000)]
  0x0000000026489000 JavaThread "jar transforms Thread 146" [_thread_blocked, id=21184, stack(0x0000000029020000,0x0000000029120000)]
  0x0000000026488000 JavaThread "jar transforms Thread 145" [_thread_blocked, id=17860, stack(0x0000000028f20000,0x0000000029020000)]
  0x0000000026480800 JavaThread "jar transforms Thread 144" [_thread_blocked, id=7396, stack(0x0000000028e20000,0x0000000028f20000)]
  0x0000000026486800 JavaThread "jar transforms Thread 143" [_thread_blocked, id=11300, stack(0x0000000028d20000,0x0000000028e20000)]
  0x0000000026486000 JavaThread "jar transforms Thread 142" [_thread_blocked, id=6912, stack(0x0000000028c20000,0x0000000028d20000)]
  0x0000000026485000 JavaThread "jar transforms Thread 141" [_thread_blocked, id=5364, stack(0x0000000028b20000,0x0000000028c20000)]
  0x0000000026484800 JavaThread "jar transforms Thread 140" [_thread_blocked, id=23708, stack(0x0000000028a20000,0x0000000028b20000)]
  0x0000000026483000 JavaThread "jar transforms Thread 139" [_thread_blocked, id=22380, stack(0x0000000028920000,0x0000000028a20000)]
  0x0000000026481800 JavaThread "jar transforms Thread 138" [_thread_blocked, id=11964, stack(0x0000000028820000,0x0000000028920000)]
  0x0000000026482000 JavaThread "jar transforms Thread 137" [_thread_blocked, id=9332, stack(0x0000000028720000,0x0000000028820000)]
  0x0000000026483800 JavaThread "jar transforms Thread 136" [_thread_blocked, id=14220, stack(0x0000000028620000,0x0000000028720000)]
  0x0000000026487800 JavaThread "jar transforms Thread 135" [_thread_blocked, id=16576, stack(0x0000000028520000,0x0000000028620000)]
  0x000000001d0db800 JavaThread "jar transforms Thread 134" [_thread_blocked, id=16580, stack(0x0000000028420000,0x0000000028520000)]
  0x000000001d0d9000 JavaThread "jar transforms Thread 133" [_thread_blocked, id=2532, stack(0x0000000028320000,0x0000000028420000)]
  0x000000001d0d7800 JavaThread "jar transforms Thread 132" [_thread_blocked, id=19372, stack(0x0000000028220000,0x0000000028320000)]
  0x000000001d0da800 JavaThread "jar transforms Thread 131" [_thread_blocked, id=7040, stack(0x0000000028120000,0x0000000028220000)]
  0x000000001d0dc000 JavaThread "jar transforms Thread 130" [_thread_blocked, id=29400, stack(0x0000000028020000,0x0000000028120000)]
  0x000000001d0d7000 JavaThread "jar transforms Thread 129" [_thread_blocked, id=13404, stack(0x0000000027f20000,0x0000000028020000)]
  0x000000001d0dd000 JavaThread "jar transforms Thread 128" [_thread_blocked, id=2100, stack(0x0000000027e20000,0x0000000027f20000)]
  0x000000001d0dd800 JavaThread "jar transforms Thread 127" [_thread_blocked, id=19120, stack(0x0000000027d20000,0x0000000027e20000)]
  0x000000001d0da000 JavaThread "jar transforms Thread 126" [_thread_blocked, id=25896, stack(0x0000000027c20000,0x0000000027d20000)]
  0x000000001d0d1800 JavaThread "jar transforms Thread 125" [_thread_blocked, id=22092, stack(0x0000000027b20000,0x0000000027c20000)]
  0x000000001d0d3000 JavaThread "jar transforms Thread 124" [_thread_blocked, id=12448, stack(0x0000000027a20000,0x0000000027b20000)]
  0x000000001d0d8800 JavaThread "jar transforms Thread 123" [_thread_blocked, id=23220, stack(0x0000000027920000,0x0000000027a20000)]
  0x000000001d0cf800 JavaThread "jar transforms Thread 122" [_thread_blocked, id=19780, stack(0x0000000027820000,0x0000000027920000)]
  0x000000001d0d6000 JavaThread "jar transforms Thread 121" [_thread_blocked, id=4152, stack(0x0000000027720000,0x0000000027820000)]
  0x000000001d0ce800 JavaThread "jar transforms Thread 120" [_thread_blocked, id=18928, stack(0x0000000027620000,0x0000000027720000)]
  0x000000001d0d4000 JavaThread "jar transforms Thread 119" [_thread_blocked, id=13488, stack(0x0000000027520000,0x0000000027620000)]
  0x000000001d0d5800 JavaThread "jar transforms Thread 118" [_thread_blocked, id=7016, stack(0x0000000027420000,0x0000000027520000)]
  0x000000001d0d2800 JavaThread "jar transforms Thread 117" [_thread_blocked, id=26852, stack(0x0000000027320000,0x0000000027420000)]
  0x000000001d0d0000 JavaThread "jar transforms Thread 116" [_thread_blocked, id=29252, stack(0x0000000027220000,0x0000000027320000)]
  0x000000001d0d1000 JavaThread "jar transforms Thread 115" [_thread_blocked, id=24124, stack(0x0000000027120000,0x0000000027220000)]
  0x000000001d0d4800 JavaThread "jar transforms Thread 114" [_thread_blocked, id=16336, stack(0x0000000027020000,0x0000000027120000)]
  0x000000001cc68800 JavaThread "jar transforms Thread 113" [_thread_blocked, id=4272, stack(0x0000000026f20000,0x0000000027020000)]
  0x000000001cc6a800 JavaThread "jar transforms Thread 112" [_thread_blocked, id=16496, stack(0x00000000253d0000,0x00000000254d0000)]
  0x000000001cc6a000 JavaThread "jar transforms Thread 111" [_thread_blocked, id=19480, stack(0x0000000022b10000,0x0000000022c10000)]
  0x000000001b9aa000 JavaThread "jar transforms Thread 110" [_thread_blocked, id=27732, stack(0x0000000022210000,0x0000000022310000)]
  0x000000001b9a9000 JavaThread "jar transforms Thread 109" [_thread_blocked, id=28348, stack(0x0000000022110000,0x0000000022210000)]
  0x000000001b9a8800 JavaThread "jar transforms Thread 108" [_thread_blocked, id=2964, stack(0x0000000022010000,0x0000000022110000)]
  0x000000001b9a7000 JavaThread "jar transforms Thread 107" [_thread_blocked, id=18480, stack(0x0000000021d10000,0x0000000021e10000)]
  0x000000001b4cf800 JavaThread "jar transforms Thread 106" [_thread_blocked, id=20800, stack(0x0000000021c10000,0x0000000021d10000)]
  0x000000001b4cf000 JavaThread "jar transforms Thread 105" [_thread_blocked, id=19636, stack(0x0000000021b10000,0x0000000021c10000)]
  0x000000001b4ce000 JavaThread "jar transforms Thread 104" [_thread_blocked, id=26240, stack(0x0000000021a10000,0x0000000021b10000)]
  0x000000001b4cd800 JavaThread "jar transforms Thread 103" [_thread_blocked, id=29424, stack(0x0000000021910000,0x0000000021a10000)]
  0x000000001b4c6000 JavaThread "jar transforms Thread 102" [_thread_blocked, id=12768, stack(0x0000000021810000,0x0000000021910000)]
  0x000000001b4cc800 JavaThread "jar transforms Thread 101" [_thread_blocked, id=25832, stack(0x0000000021710000,0x0000000021810000)]
  0x000000001b4c5000 JavaThread "jar transforms Thread 100" [_thread_blocked, id=2264, stack(0x0000000021610000,0x0000000021710000)]
  0x000000001b4cc000 JavaThread "jar transforms Thread 99" [_thread_blocked, id=9236, stack(0x0000000021510000,0x0000000021610000)]
  0x000000001b4cb000 JavaThread "jar transforms Thread 98" [_thread_blocked, id=27796, stack(0x0000000021410000,0x0000000021510000)]
  0x000000001b4ca800 JavaThread "jar transforms Thread 97" [_thread_blocked, id=25584, stack(0x0000000021310000,0x0000000021410000)]
  0x000000001b4c3800 JavaThread "jar transforms Thread 96" [_thread_blocked, id=2484, stack(0x0000000021210000,0x0000000021310000)]
  0x000000001b4c3000 JavaThread "Build operations Thread 12" [_thread_blocked, id=17604, stack(0x0000000021110000,0x0000000021210000)]
  0x000000001b4c9800 JavaThread "Build operations Thread 11" [_thread_blocked, id=6808, stack(0x0000000020f10000,0x0000000021010000)]
  0x000000001b4c7800 JavaThread "Build operations Thread 10" [_thread_blocked, id=29088, stack(0x0000000020e10000,0x0000000020f10000)]
  0x000000001b4c4800 JavaThread "Build operations Thread 9" [_thread_blocked, id=24968, stack(0x0000000020d10000,0x0000000020e10000)]
  0x000000001d254000 JavaThread "Build operations Thread 8" [_thread_blocked, id=11068, stack(0x0000000020c10000,0x0000000020d10000)]
  0x000000001d252800 JavaThread "Build operations Thread 7" [_thread_blocked, id=29056, stack(0x0000000020b10000,0x0000000020c10000)]
  0x000000001d251800 JavaThread "Build operations Thread 6" [_thread_blocked, id=18160, stack(0x0000000020a10000,0x0000000020b10000)]
  0x000000001d251000 JavaThread "Build operations Thread 5" [_thread_blocked, id=10304, stack(0x0000000020910000,0x0000000020a10000)]
  0x000000001d250000 JavaThread "Build operations Thread 4" [_thread_blocked, id=6684, stack(0x0000000020810000,0x0000000020910000)]
  0x000000001d254800 JavaThread "Build operations Thread 3" [_thread_blocked, id=7956, stack(0x0000000020710000,0x0000000020810000)]
  0x000000001d253000 JavaThread "Build operations Thread 2" [_thread_blocked, id=6704, stack(0x0000000020610000,0x0000000020710000)]
  0x000000001d248800 JavaThread "Build operations" [_thread_blocked, id=5904, stack(0x0000000020230000,0x0000000020330000)]
  0x000000001d24f800 JavaThread "jar transforms Thread 95" [_thread_blocked, id=21784, stack(0x000000001ffa0000,0x00000000200a0000)]
  0x000000001d248000 JavaThread "Cache worker for cache directory md-rule (C:\Users\iou10\.gradle\caches\6.5\md-rule)" [_thread_blocked, id=23744, stack(0x000000001fea0000,0x000000001ffa0000)]
  0x000000001d24e800 JavaThread "Cache worker for cache directory md-supplier (C:\Users\iou10\.gradle\caches\6.5\md-supplier)" [_thread_blocked, id=29596, stack(0x000000001e7d0000,0x000000001e8d0000)]
  0x000000001d24e000 JavaThread "Cache worker for checksums cache (C:\Users\iou10\AndroidStudioProjects\DDAY\.gradle\checksums)" [_thread_blocked, id=11784, stack(0x000000001e4d0000,0x000000001e5d0000)]
  0x000000001d246800 JavaThread "Cache worker for file hash cache (C:\Users\iou10\AndroidStudioProjects\DDAY\.gradle\6.5\fileHashes)" [_thread_blocked, id=13468, stack(0x000000001e3d0000,0x000000001e4d0000)]
  0x000000001d24d000 JavaThread "Thread-144" [_thread_blocked, id=21320, stack(0x000000001e2d0000,0x000000001e3d0000)]
  0x000000001d24a000 JavaThread "Stdin handler" [_thread_blocked, id=10668, stack(0x000000001e1d0000,0x000000001e2d0000)]
  0x000000001d249800 JavaThread "Asynchronous log dispatcher for DefaultDaemonConnection: socket connection from /127.0.0.1:56343 to /127.0.0.1:56561" [_thread_blocked, id=5176, stack(0x000000001dbf0000,0x000000001dcf0000)]
=>0x000000001d245800 JavaThread "Daemon worker Thread 2" [_thread_in_vm, id=20192, stack(0x000000001daf0000,0x000000001dbf0000)]
  0x000000001d24b800 JavaThread "Cancel handler" [_thread_blocked, id=25892, stack(0x0000000000b70000,0x0000000000c70000)]
  0x000000001d247000 JavaThread "Handler for socket connection from /127.0.0.1:56343 to /127.0.0.1:56561" [_thread_in_native, id=27504, stack(0x0000000000a70000,0x0000000000b70000)]
  0x000000001d24c800 JavaThread "Daemon Thread 2" [_thread_blocked, id=15720, stack(0x0000000000970000,0x0000000000a70000)]
  0x000000001b9a4000 JavaThread "Memory manager" [_thread_blocked, id=15904, stack(0x000000002d020000,0x000000002d120000)]
  0x000000001b4c6800 JavaThread "Cache worker for file content cache (C:\Users\iou10\.gradle\caches\6.5\fileContent)" [_thread_blocked, id=27420, stack(0x0000000022a10000,0x0000000022b10000)]
  0x000000001b4c2000 JavaThread "Cache worker for execution history cache (C:\Users\iou10\.gradle\caches\6.5\executionHistory)" [_thread_blocked, id=7316, stack(0x0000000022510000,0x0000000022610000)]
  0x000000001cc69000 JavaThread "Cache worker for file hash cache (C:\Users\iou10\.gradle\caches\6.5\fileHashes)" [_thread_blocked, id=28476, stack(0x0000000020130000,0x0000000020230000)]
  0x000000001cc6b800 JavaThread "File lock request listener" [_thread_in_native, id=22416, stack(0x000000001ebd0000,0x000000001ecd0000)]
  0x000000001cb7b800 JavaThread "Cache worker for journal cache (C:\Users\iou10\.gradle\caches\journal-1)" [_thread_blocked, id=17128, stack(0x000000001ead0000,0x000000001ebd0000)]
  0x000000001cadb800 JavaThread "Daemon periodic checks" [_thread_blocked, id=18604, stack(0x000000001ded0000,0x000000001dfd0000)]
  0x000000001cad4000 JavaThread "Incoming local TCP Connector on port 56343" [_thread_in_native, id=17344, stack(0x000000001dcf0000,0x000000001ddf0000)]
  0x000000001b1bc000 JavaThread "Daemon health stats" [_thread_blocked, id=7796, stack(0x000000001d9f0000,0x000000001daf0000)]
  0x0000000019571800 JavaThread "Service Thread" daemon [_thread_blocked, id=27940, stack(0x000000001ae50000,0x000000001af50000)]
  0x00000000194e3000 JavaThread "C1 CompilerThread3" daemon [_thread_blocked, id=24456, stack(0x000000001ad50000,0x000000001ae50000)]
  0x00000000194e0800 JavaThread "C2 CompilerThread2" daemon [_thread_blocked, id=13940, stack(0x000000001ac50000,0x000000001ad50000)]
  0x00000000194d8000 JavaThread "C2 CompilerThread1" daemon [_thread_in_native, id=29140, stack(0x000000001ab50000,0x000000001ac50000)]
  0x000000001947b000 JavaThread "C2 CompilerThread0" daemon [_thread_in_native, id=25564, stack(0x000000001aa50000,0x000000001ab50000)]
  0x0000000019476800 JavaThread "Attach Listener" daemon [_thread_blocked, id=23936, stack(0x000000001a950000,0x000000001aa50000)]
  0x00000000194d5000 JavaThread "Signal Dispatcher" daemon [_thread_blocked, id=11364, stack(0x000000001a850000,0x000000001a950000)]
  0x0000000017d82000 JavaThread "Finalizer" daemon [_thread_blocked, id=25828, stack(0x000000001a6c0000,0x000000001a7c0000)]
  0x0000000019463000 JavaThread "Reference Handler" daemon [_thread_blocked, id=27396, stack(0x000000001a5c0000,0x000000001a6c0000)]
  0x0000000002a0d800 JavaThread "main" [_thread_blocked, id=22176, stack(0x00000000028a0000,0x00000000029a0000)]

Other Threads:
  0x0000000017d75800 VMThread [stack: 0x000000001a4c0000,0x000000001a5c0000] [id=28976]
  0x0000000019572000 WatcherThread [stack: 0x000000001af50000,0x000000001b050000] [id=25132]

VM state:not at safepoint (normal execution)

VM Mutex/Monitor currently owned by a thread: None

heap address: 0x0000000080000000, size: 2048 MB, Compressed Oops mode: 32-bit
Narrow klass base: 0x0000000000000000, Narrow klass shift: 3
Compressed class space size: 1073741824 Address: 0x0000000100000000

Heap:
 PSYoungGen      total 635904K, used 53213K [0x00000000d5580000, 0x0000000100000000, 0x0000000100000000)
  eden space 604160K, 8% used [0x00000000d5580000,0x00000000d89775a0,0x00000000fa380000)
  from space 31744K, 0% used [0x00000000fa380000,0x00000000fa380000,0x00000000fc280000)
  to   space 34304K, 0% used [0x00000000fde80000,0x00000000fde80000,0x0000000100000000)
 ParOldGen       total 99328K, used 72911K [0x0000000080000000, 0x0000000086100000, 0x00000000d5580000)
  object space 99328K, 73% used [0x0000000080000000,0x0000000084733c28,0x0000000086100000)
 Metaspace       used 95643K, capacity 99982K, committed 102092K, reserved 1138688K
  class space    used 12472K, capacity 13415K, committed 13824K, reserved 1048576K

Card table byte_map: [0x0000000011ed0000,0x00000000122e0000] byte_map_base: 0x0000000011ad0000

Marking Bits: (ParMarkBitMap*) 0x000000006850f030
 Begin Bits: [0x0000000012f90000, 0x0000000014f90000)
 End Bits:   [0x0000000014f90000, 0x0000000016f90000)

Polling page: 0x0000000000770000

CodeCache: size=245760Kb used=36105Kb max_used=38332Kb free=209654Kb
 bounds [0x0000000002b10000, 0x00000000050e0000, 0x0000000011b10000]
 total_blobs=11508 nmethods=10627 adapters=790
 compilation: enabled

Compilation events (10 events):
Event: 471.395 Thread 0x00000000194e3000 nmethod 13010 0x00000000044bc350 code [0x00000000044bc4c0, 0x00000000044bc648]
Event: 471.395 Thread 0x00000000194e3000 13011       3       org.gradle.internal.instantiation.generator.AsmBackedClassGenerator$ClassBuilderImpl::lambda$mixInGroovyObject$3 (66 bytes)
Event: 471.396 Thread 0x00000000194e3000 nmethod 13011 0x0000000002d33090 code [0x0000000002d33280, 0x0000000002d33c48]
Event: 471.501 Thread 0x00000000194d8000 13012       4       org.objectweb.asm.MethodWriter::visitLdcInsn (215 bytes)
Event: 471.521 Thread 0x00000000194d8000 nmethod 13012 0x0000000003610ad0 code [0x0000000003610c60, 0x0000000003611110]
Event: 471.528 Thread 0x00000000194e3000 13013       3       com.google.common.collect.CompactLinkedHashMap::init (36 bytes)
Event: 471.528 Thread 0x00000000194e3000 nmethod 13013 0x0000000003b8f910 code [0x0000000003b8fa80, 0x0000000003b8fe08]
Event: 471.546 Thread 0x00000000194e0800 13014       4       org.objectweb.asm.Type::getType (122 bytes)
Event: 471.559 Thread 0x00000000194e0800 nmethod 13014 0x0000000004a08450 code [0x0000000004a08840, 0x0000000004a090b8]
Event: 471.609 Thread 0x00000000194d8000 13015       4       org.objectweb.asm.AnnotationWriter::visit (959 bytes)

GC Heap History (10 events):
Event: 21.030 GC heap before
{Heap before GC invocations=15 (full 3):
 PSYoungGen      total 367104K, used 367073K [0x00000000d5580000, 0x00000000f5a00000, 0x0000000100000000)
  eden space 344064K, 100% used [0x00000000d5580000,0x00000000ea580000,0x00000000ea580000)
  from space 23040K, 99% used [0x00000000ea580000,0x00000000ebbf86f8,0x00000000ebc00000)
  to   space 29696K, 0% used [0x00000000f3d00000,0x00000000f3d00000,0x00000000f5a00000)
 ParOldGen       total 99328K, used 45106K [0x0000000080000000, 0x0000000086100000, 0x00000000d5580000)
  object space 99328K, 45% used [0x0000000080000000,0x0000000082c0ca60,0x0000000086100000)
 Metaspace       used 79478K, capacity 84214K, committed 84440K, reserved 1122304K
  class space    used 10843K, capacity 11711K, committed 11776K, reserved 1048576K
Event: 21.085 GC heap after
Heap after GC invocations=15 (full 3):
 PSYoungGen      total 484864K, used 17508K [0x00000000d5580000, 0x00000000f5300000, 0x0000000100000000)
  eden space 462336K, 0% used [0x00000000d5580000,0x00000000d5580000,0x00000000f1900000)
  from space 22528K, 77% used [0x00000000f3d00000,0x00000000f4e191f8,0x00000000f5300000)
  to   space 29696K, 0% used [0x00000000f1900000,0x00000000f1900000,0x00000000f3600000)
 ParOldGen       total 99328K, used 63105K [0x0000000080000000, 0x0000000086100000, 0x00000000d5580000)
  object space 99328K, 63% used [0x0000000080000000,0x0000000083da0658,0x0000000086100000)
 Metaspace       used 79478K, capacity 84214K, committed 84440K, reserved 1122304K
  class space    used 10843K, capacity 11711K, committed 11776K, reserved 1048576K
}
Event: 23.495 GC heap before
{Heap before GC invocations=16 (full 3):
 PSYoungGen      total 484864K, used 479844K [0x00000000d5580000, 0x00000000f5300000, 0x0000000100000000)
  eden space 462336K, 100% used [0x00000000d5580000,0x00000000f1900000,0x00000000f1900000)
  from space 22528K, 77% used [0x00000000f3d00000,0x00000000f4e191f8,0x00000000f5300000)
  to   space 29696K, 0% used [0x00000000f1900000,0x00000000f1900000,0x00000000f3600000)
 ParOldGen       total 99328K, used 63105K [0x0000000080000000, 0x0000000086100000, 0x00000000d5580000)
  object space 99328K, 63% used [0x0000000080000000,0x0000000083da0658,0x0000000086100000)
 Metaspace       used 79947K, capacity 84770K, committed 84952K, reserved 1122304K
  class space    used 10862K, capacity 11749K, committed 11776K, reserved 1048576K
Event: 23.560 GC heap after
Heap after GC invocations=16 (full 3):
 PSYoungGen      total 492032K, used 2720K [0x00000000d5580000, 0x00000000fe900000, 0x0000000100000000)
  eden space 462336K, 0% used [0x00000000d5580000,0x00000000d5580000,0x00000000f1900000)
  from space 29696K, 9% used [0x00000000f1900000,0x00000000f1ba8000,0x00000000f3600000)
  to   space 29696K, 0% used [0x00000000fcc00000,0x00000000fcc00000,0x00000000fe900000)
 ParOldGen       total 99328K, used 68238K [0x0000000080000000, 0x0000000086100000, 0x00000000d5580000)
  object space 99328K, 68% used [0x0000000080000000,0x00000000842a39c8,0x0000000086100000)
 Metaspace       used 79947K, capacity 84770K, committed 84952K, reserved 1122304K
  class space    used 10862K, capacity 11749K, committed 11776K, reserved 1048576K
}
Event: 29.872 GC heap before
{Heap before GC invocations=17 (full 3):
 PSYoungGen      total 492032K, used 465056K [0x00000000d5580000, 0x00000000fe900000, 0x0000000100000000)
  eden space 462336K, 100% used [0x00000000d5580000,0x00000000f1900000,0x00000000f1900000)
  from space 29696K, 9% used [0x00000000f1900000,0x00000000f1ba8000,0x00000000f3600000)
  to   space 29696K, 0% used [0x00000000fcc00000,0x00000000fcc00000,0x00000000fe900000)
 ParOldGen       total 99328K, used 68238K [0x0000000080000000, 0x0000000086100000, 0x00000000d5580000)
  object space 99328K, 68% used [0x0000000080000000,0x00000000842a39c8,0x0000000086100000)
 Metaspace       used 81938K, capacity 86870K, committed 87000K, reserved 1124352K
  class space    used 11014K, capacity 11919K, committed 12032K, reserved 1048576K
Event: 29.924 GC heap after
Heap after GC invocations=17 (full 3):
 PSYoungGen      total 623616K, used 21714K [0x00000000d5580000, 0x00000000fe180000, 0x0000000100000000)
  eden space 601600K, 0% used [0x00000000d5580000,0x00000000d5580000,0x00000000fa100000)
  from space 22016K, 98% used [0x00000000fcc00000,0x00000000fe134a20,0x00000000fe180000)
  to   space 31744K, 0% used [0x00000000fa380000,0x00000000fa380000,0x00000000fc280000)
 ParOldGen       total 99328K, used 69998K [0x0000000080000000, 0x0000000086100000, 0x00000000d5580000)
  object space 99328K, 70% used [0x0000000080000000,0x000000008445b9c8,0x0000000086100000)
 Metaspace       used 81938K, capacity 86870K, committed 87000K, reserved 1124352K
  class space    used 11014K, capacity 11919K, committed 12032K, reserved 1048576K
}
Event: 454.259 GC heap before
{Heap before GC invocations=18 (full 3):
 PSYoungGen      total 623616K, used 307937K [0x00000000d5580000, 0x00000000fe180000, 0x0000000100000000)
  eden space 601600K, 47% used [0x00000000d5580000,0x00000000e6d03b50,0x00000000fa100000)
  from space 22016K, 98% used [0x00000000fcc00000,0x00000000fe134a20,0x00000000fe180000)
  to   space 31744K, 0% used [0x00000000fa380000,0x00000000fa380000,0x00000000fc280000)
 ParOldGen       total 99328K, used 69998K [0x0000000080000000, 0x0000000086100000, 0x00000000d5580000)
  object space 99328K, 70% used [0x0000000080000000,0x000000008445b9c8,0x0000000086100000)
 Metaspace       used 92713K, capacity 98252K, committed 98380K, reserved 1134592K
  class space    used 12282K, capacity 13378K, committed 13440K, reserved 1048576K
Event: 455.546 GC heap after
Heap after GC invocations=18 (full 3):
 PSYoungGen      total 635904K, used 24377K [0x00000000d5580000, 0x0000000100000000, 0x0000000100000000)
  eden space 604160K, 0% used [0x00000000d5580000,0x00000000d5580000,0x00000000fa380000)
  from space 31744K, 76% used [0x00000000fa380000,0x00000000fbb4e570,0x00000000fc280000)
  to   space 34304K, 0% used [0x00000000fde80000,0x00000000fde80000,0x0000000100000000)
 ParOldGen       total 99328K, used 74814K [0x0000000080000000, 0x0000000086100000, 0x00000000d5580000)
  object space 99328K, 75% used [0x0000000080000000,0x000000008490fac8,0x0000000086100000)
 Metaspace       used 92713K, capacity 98252K, committed 98380K, reserved 1134592K
  class space    used 12282K, capacity 13378K, committed 13440K, reserved 1048576K
}
Event: 455.548 GC heap before
{Heap before GC invocations=19 (full 4):
 PSYoungGen      total 635904K, used 24377K [0x00000000d5580000, 0x0000000100000000, 0x0000000100000000)
  eden space 604160K, 0% used [0x00000000d5580000,0x00000000d5580000,0x00000000fa380000)
  from space 31744K, 76% used [0x00000000fa380000,0x00000000fbb4e570,0x00000000fc280000)
  to   space 34304K, 0% used [0x00000000fde80000,0x00000000fde80000,0x0000000100000000)
 ParOldGen       total 99328K, used 74814K [0x0000000080000000, 0x0000000086100000, 0x00000000d5580000)
  object space 99328K, 75% used [0x0000000080000000,0x000000008490fac8,0x0000000086100000)
 Metaspace       used 92713K, capacity 98252K, committed 98380K, reserved 1134592K
  class space    used 12282K, capacity 13378K, committed 13440K, reserved 1048576K
Event: 465.340 GC heap after
Heap after GC invocations=19 (full 4):
 PSYoungGen      total 635904K, used 0K [0x00000000d5580000, 0x0000000100000000, 0x0000000100000000)
  eden space 604160K, 0% used [0x00000000d5580000,0x00000000d5580000,0x00000000fa380000)
  from space 31744K, 0% used [0x00000000fa380000,0x00000000fa380000,0x00000000fc280000)
  to   space 34304K, 0% used [0x00000000fde80000,0x00000000fde80000,0x0000000100000000)
 ParOldGen       total 99328K, used 72911K [0x0000000080000000, 0x0000000086100000, 0x00000000d5580000)
  object space 99328K, 73% used [0x0000000080000000,0x0000000084733c28,0x0000000086100000)
 Metaspace       used 92014K, capacity 96248K, committed 98380K, reserved 1134592K
  class space    used 12053K, capacity 12978K, committed 13440K, reserved 1048576K
}

Deoptimization events (10 events):
Event: 451.082 Thread 0x000000001d245800 Uncommon trap: reason=class_check action=maybe_recompile pc=0x00000000048a5d14 method=org.gradle.internal.snapshot.AbstractIncompleteSnapshotWithChildren$2.handleChildOfExisting(I)Lorg/gradle/internal/snapshot/FileSystemNode; @ 8
Event: 451.405 Thread 0x000000001d245800 Uncommon trap: reason=bimorphic action=maybe_recompile pc=0x0000000003973d94 method=java.util.stream.AbstractPipeline.<init>(Ljava/util/stream/AbstractPipeline;I)V @ 66
Event: 451.528 Thread 0x000000001d24d000 Uncommon trap: reason=unstable_if action=reinterpret pc=0x00000000045e6750 method=java.io.ObjectOutputStream.writeOrdinaryObject(Ljava/lang/Object;Ljava/io/ObjectStreamClass;Z)V @ 113
Event: 453.572 Thread 0x000000001d245800 Uncommon trap: reason=class_check action=maybe_recompile pc=0x0000000004f89a08 method=org.gradle.cache.internal.LockOnDemandCrossProcessCacheAccess.incrementLockCount()V @ 97
Event: 465.362 Thread 0x0000000019463000 Uncommon trap: reason=unstable_if action=reinterpret pc=0x000000000313f178 method=java.lang.ref.Reference.tryHandlePending(Z)Z @ 20
Event: 465.799 Thread 0x0000000017d82000 Uncommon trap: reason=unstable_if action=reinterpret pc=0x000000000500eca8 method=com.sun.crypto.provider.GaloisCounterMode.decryptFinal([BII[BI)I @ 5
Event: 471.271 Thread 0x000000001d245800 Uncommon trap: reason=null_check action=make_not_entrant pc=0x00000000032f33e4 method=org.gradle.internal.instantiation.generator.AbstractClassGenerator$DslMixInPropertyType.visitProperty(Lorg/gradle/internal/instantiation/generator/AbstractClassGenerator
Event: 471.273 Thread 0x000000001d245800 Uncommon trap: reason=null_check action=make_not_entrant pc=0x0000000003d452b0 method=org.gradle.internal.instantiation.generator.AbstractClassGenerator.isPropertyType(Ljava/lang/Class;)Z @ 3
Event: 471.305 Thread 0x000000001d245800 Uncommon trap: reason=null_check action=make_not_entrant pc=0x0000000004239134 method=org.gradle.internal.instantiation.generator.AbstractClassGenerator$PropertyMetadata.addGetter(Lorg/gradle/internal/instantiation/generator/AbstractClassGenerator$MethodM
Event: 471.495 Thread 0x000000001d245800 Uncommon trap: reason=null_check action=make_not_entrant pc=0x0000000003a38000 method=org.gradle.internal.instantiation.generator.AbstractClassGenerator.isPropertyType(Ljava/lang/Class;)Z @ 12

Classes redefined (0 events):
No events

Internal exceptions (10 events):
Event: 468.758 Thread 0x000000001d245800 Exception <a 'java/security/PrivilegedActionException'> (0x00000000d6741ec0) thrown at [C:\src\AOSP-openjdk-git\hotspot\src\share\vm\prims\jvm.cpp, line 1502]
Event: 468.758 Thread 0x000000001d245800 Exception <a 'java/security/PrivilegedActionException'> (0x00000000d6742e28) thrown at [C:\src\AOSP-openjdk-git\hotspot\src\share\vm\prims\jvm.cpp, line 1502]
Event: 468.759 Thread 0x000000001d245800 Exception <a 'java/security/PrivilegedActionException'> (0x00000000d67463f0) thrown at [C:\src\AOSP-openjdk-git\hotspot\src\share\vm\prims\jvm.cpp, line 1502]
Event: 468.759 Thread 0x000000001d245800 Exception <a 'java/security/PrivilegedActionException'> (0x00000000d6747358) thrown at [C:\src\AOSP-openjdk-git\hotspot\src\share\vm\prims\jvm.cpp, line 1502]
Event: 468.761 Thread 0x000000001d245800 Exception <a 'java/security/PrivilegedActionException'> (0x00000000d674a708) thrown at [C:\src\AOSP-openjdk-git\hotspot\src\share\vm\prims\jvm.cpp, line 1502]
Event: 468.761 Thread 0x000000001d245800 Exception <a 'java/security/PrivilegedActionException'> (0x00000000d674b670) thrown at [C:\src\AOSP-openjdk-git\hotspot\src\share\vm\prims\jvm.cpp, line 1502]
Event: 468.762 Thread 0x000000001d245800 Exception <a 'java/security/PrivilegedActionException'> (0x00000000d674eaf0) thrown at [C:\src\AOSP-openjdk-git\hotspot\src\share\vm\prims\jvm.cpp, line 1502]
Event: 468.762 Thread 0x000000001d245800 Exception <a 'java/security/PrivilegedActionException'> (0x00000000d674fa58) thrown at [C:\src\AOSP-openjdk-git\hotspot\src\share\vm\prims\jvm.cpp, line 1502]
Event: 468.762 Thread 0x000000001d245800 Exception <a 'java/security/PrivilegedActionException'> (0x00000000d6752fc8) thrown at [C:\src\AOSP-openjdk-git\hotspot\src\share\vm\prims\jvm.cpp, line 1502]
Event: 468.762 Thread 0x000000001d245800 Exception <a 'java/security/PrivilegedActionException'> (0x00000000d6753f30) thrown at [C:\src\AOSP-openjdk-git\hotspot\src\share\vm\prims\jvm.cpp, line 1502]

Events (10 events):
Event: 471.605 loading class org/gradle/api/tasks/testing/Test
Event: 471.605 loading class org/gradle/api/tasks/testing/Test done
Event: 471.606 loading class org/gradle/api/DomainObjectSet
Event: 471.606 loading class org/gradle/api/DomainObjectSet done
Event: 471.618 loading class com/android/build/gradle/internal/dsl/ApplicationBuildFeaturesImpl
Event: 471.618 loading class com/android/build/gradle/internal/dsl/ApplicationBuildFeaturesImpl done
Event: 471.618 loading class com/android/build/api/dsl/ApplicationBuildFeatures
Event: 471.618 loading class com/android/build/api/dsl/ApplicationBuildFeatures done
Event: 471.619 loading class com/android/build/gradle/internal/dsl/BuildFeaturesImpl
Event: 471.619 loading class com/android/build/gradle/internal/dsl/BuildFeaturesImpl done


Dynamic libraries:
0x00007ff709930000 - 0x00007ff709961000 	C:\Program Files\Android\Android Studio\jre\bin\java.exe
0x00007ff911ec0000 - 0x00007ff9120b0000 	C:\WINDOWS\SYSTEM32\ntdll.dll
0x00007ff911700000 - 0x00007ff9117b2000 	C:\WINDOWS\System32\KERNEL32.DLL
0x00007ff90eed0000 - 0x00007ff90f175000 	C:\WINDOWS\System32\KERNELBASE.dll
0x00007ff911a40000 - 0x00007ff911ae3000 	C:\WINDOWS\System32\ADVAPI32.dll
0x00007ff911ca0000 - 0x00007ff911d3e000 	C:\WINDOWS\System32\msvcrt.dll
0x00007ff9112c0000 - 0x00007ff911357000 	C:\WINDOWS\System32\sechost.dll
0x00007ff910920000 - 0x00007ff910a40000 	C:\WINDOWS\System32\RPCRT4.dll
0x00007ff910780000 - 0x00007ff910914000 	C:\WINDOWS\System32\USER32.dll
0x00007ff90fdd0000 - 0x00007ff90fdf1000 	C:\WINDOWS\System32\win32u.dll
0x00007ff9117f0000 - 0x00007ff911816000 	C:\WINDOWS\System32\GDI32.dll
0x00007ff90f180000 - 0x00007ff90f316000 	C:\WINDOWS\System32\gdi32full.dll
0x00007ff90ee30000 - 0x00007ff90eece000 	C:\WINDOWS\System32\msvcp_win.dll
0x00007ff90f3a0000 - 0x00007ff90f49a000 	C:\WINDOWS\System32\ucrtbase.dll
0x00007ff904240000 - 0x00007ff9044c4000 	C:\WINDOWS\WinSxS\amd64_microsoft.windows.common-controls_6595b64144ccf1df_6.0.18362.1256_none_9e7e379be45e40e2\COMCTL32.dll
0x00007ff90ffd0000 - 0x00007ff910306000 	C:\WINDOWS\System32\combase.dll
0x00007ff90fe00000 - 0x00007ff90fe81000 	C:\WINDOWS\System32\bcryptPrimitives.dll
0x00007ff9117c0000 - 0x00007ff9117ee000 	C:\WINDOWS\System32\IMM32.DLL
0x00000000674e0000 - 0x00000000675b2000 	C:\Program Files\Android\Android Studio\jre\jre\bin\msvcr100.dll
0x0000000067d40000 - 0x000000006858b000 	C:\Program Files\Android\Android Studio\jre\jre\bin\server\jvm.dll
0x00007ff911620000 - 0x00007ff911628000 	C:\WINDOWS\System32\PSAPI.DLL
0x00007ff90b7d0000 - 0x00007ff90b7d9000 	C:\WINDOWS\SYSTEM32\WSOCK32.dll
0x00007ff90d000000 - 0x00007ff90d024000 	C:\WINDOWS\SYSTEM32\WINMM.dll
0x00007ff911950000 - 0x00007ff9119bf000 	C:\WINDOWS\System32\WS2_32.dll
0x00007ff90cc30000 - 0x00007ff90cc3a000 	C:\WINDOWS\SYSTEM32\VERSION.dll
0x00007ff8fdca0000 - 0x00007ff8fdccd000 	C:\WINDOWS\SYSTEM32\WINMMBASE.dll
0x00007ff90f5f0000 - 0x00007ff90f63a000 	C:\WINDOWS\System32\cfgmgr32.dll
0x00007ff908a80000 - 0x00007ff908a8f000 	C:\Program Files\Android\Android Studio\jre\jre\bin\verify.dll
0x00007ff8f74f0000 - 0x00007ff8f7519000 	C:\Program Files\Android\Android Studio\jre\jre\bin\java.dll
0x00007ff8f7b50000 - 0x00007ff8f7b66000 	C:\Program Files\Android\Android Studio\jre\jre\bin\zip.dll
0x00007ff910a40000 - 0x00007ff911127000 	C:\WINDOWS\System32\SHELL32.dll
0x00007ff911130000 - 0x00007ff9111d9000 	C:\WINDOWS\System32\shcore.dll
0x00007ff90f640000 - 0x00007ff90fdc1000 	C:\WINDOWS\System32\windows.storage.dll
0x00007ff90ed90000 - 0x00007ff90edb3000 	C:\WINDOWS\System32\profapi.dll
0x00007ff90ede0000 - 0x00007ff90ee2a000 	C:\WINDOWS\System32\powrprof.dll
0x00007ff90ed60000 - 0x00007ff90ed70000 	C:\WINDOWS\System32\UMPDC.dll
0x00007ff90ff70000 - 0x00007ff90ffc2000 	C:\WINDOWS\System32\shlwapi.dll
0x00007ff90ed70000 - 0x00007ff90ed81000 	C:\WINDOWS\System32\kernel.appcore.dll
0x00007ff90f380000 - 0x00007ff90f397000 	C:\WINDOWS\System32\cryptsp.dll
0x00007ff8f5fa0000 - 0x00007ff8f5fba000 	C:\Program Files\Android\Android Studio\jre\jre\bin\net.dll
0x00007ff90e5b0000 - 0x00007ff90e617000 	C:\WINDOWS\system32\mswsock.dll
0x00007ff8f57c0000 - 0x00007ff8f57d3000 	C:\Program Files\Android\Android Studio\jre\jre\bin\nio.dll
0x00007ff8eb3c0000 - 0x00007ff8eb3e7000 	C:\Users\iou10\.gradle\native\f6784746aeab05261644944871eae4fe03e0ef1612fff0a4a95f87b438bc6780\windows-amd64\native-platform.dll
0x00007ff908610000 - 0x00007ff90861d000 	C:\Program Files\Android\Android Studio\jre\jre\bin\management.dll
0x00007ff90e120000 - 0x00007ff90e153000 	C:\WINDOWS\system32\rsaenh.dll
0x00007ff90fe90000 - 0x00007ff90feb6000 	C:\WINDOWS\System32\bcrypt.dll
0x00007ff90ec80000 - 0x00007ff90eca5000 	C:\WINDOWS\SYSTEM32\USERENV.dll
0x00007ff90e780000 - 0x00007ff90e78c000 	C:\WINDOWS\SYSTEM32\CRYPTBASE.dll
0x00007ff90e2c0000 - 0x00007ff90e2fa000 	C:\WINDOWS\SYSTEM32\IPHLPAPI.DLL
0x00007ff9112b0000 - 0x00007ff9112b8000 	C:\WINDOWS\System32\NSI.dll
0x00007ff902870000 - 0x00007ff902886000 	C:\WINDOWS\SYSTEM32\dhcpcsvc6.DLL
0x00007ff902850000 - 0x00007ff90286c000 	C:\WINDOWS\SYSTEM32\dhcpcsvc.DLL
0x00007ff90e300000 - 0x00007ff90e3cb000 	C:\WINDOWS\SYSTEM32\DNSAPI.dll
0x00007ff902980000 - 0x00007ff90298b000 	C:\WINDOWS\SYSTEM32\WINNSI.DLL
0x00007ff8ec310000 - 0x00007ff8ec334000 	C:\Program Files\Android\Android Studio\jre\jre\bin\sunec.dll
0x00007ff902840000 - 0x00007ff90284a000 	C:\Windows\System32\rasadhlp.dll
0x00007ff902760000 - 0x00007ff9027d7000 	C:\WINDOWS\System32\fwpuclnt.dll
0x00007ff902ff0000 - 0x00007ff902ffb000 	C:\Program Files\Android\Android Studio\jre\jre\bin\sunmscapi.dll
0x00007ff90f4a0000 - 0x00007ff90f5e9000 	C:\WINDOWS\System32\CRYPT32.dll
0x00007ff90edc0000 - 0x00007ff90edd2000 	C:\WINDOWS\System32\MSASN1.dll
0x00007ff90dda0000 - 0x00007ff90ddd1000 	C:\WINDOWS\SYSTEM32\ntmarta.dll

VM Arguments:
jvm_args: -Xmx2048m -Dfile.encoding=UTF-8 -Duser.country=KR -Duser.language=ko -Duser.variant 
java_command: org.gradle.launcher.daemon.bootstrap.GradleDaemon 6.5
java_class_path (initial): C:\Users\iou10\.gradle\wrapper\dists\gradle-6.5-bin\6nifqtx7604sqp1q6g8wikw7p\gradle-6.5\lib\gradle-launcher-6.5.jar
Launcher Type: SUN_STANDARD

Environment Variables:
PATH=C:\WINDOWS\system32;C:\WINDOWS;C:\WINDOWS\System32\Wbem;C:\WINDOWS\System32\WindowsPowerShell\v1.0\;C:\WINDOWS\System32\OpenSSH\;C:\Program Files\Git\cmd;C:\Users\iou10\AppData\Local\Microsoft\WindowsApps;C:\Users\iou10\AppData\Local\Programs\Microsoft VS Code\bin;C:\Users\iou10\AppData\Local\GitHubDesktop\bin
USERNAME=iou10
OS=Windows_NT
PROCESSOR_IDENTIFIER=Intel64 Family 6 Model 158 Stepping 10, GenuineIntel



---------------  S Y S T E M  ---------------

OS: Windows 10.0 , 64 bit Build 18362 (10.0.18362.1110)

CPU:total 12 (initial active 12) (6 cores per cpu, 2 threads per core) family 6 model 158 stepping 10, cmov, cx8, fxsr, mmx, sse, sse2, sse3, ssse3, sse4.1, sse4.2, popcnt, avx, avx2, aes, clmul, erms, 3dnowpref, lzcnt, ht, tsc, tscinvbit, bmi1, bmi2, adx

Memory: 4k page, physical 8223500k(184752k free), swap 33389324k(0k free)

vm_info: OpenJDK 64-Bit Server VM (25.242-b01) for windows-amd64 JRE (1.8.0_242-release-1644-b01), built by "builder" with MS VC++ 10.0 (VS2010)

time: Thu Feb 25 04:47:26 2021
timezone:  
elapsed time: 471 seconds (0d 0h 7m 51s)

